[debug] [2022-04-27T02:16:37.680Z] ----------------------------------------------------------------------
[debug] [2022-04-27T02:16:37.681Z] Command:       C:\Program Files\nodejs\node.exe C:\Users\Asus\Documents\GitHub\social-blogging\node_modules\firebase-tools\lib\bin\firebase.js init
[debug] [2022-04-27T02:16:37.681Z] CLI Version:   10.7.1
[debug] [2022-04-27T02:16:37.682Z] Platform:      win32
[debug] [2022-04-27T02:16:37.682Z] Node Version:  v16.13.1
[debug] [2022-04-27T02:16:37.682Z] Time:          Tue Apr 26 2022 22:16:37 GMT-0400 (Eastern Daylight Time)
[debug] [2022-04-27T02:16:37.682Z] ----------------------------------------------------------------------
[debug] 
[debug] [2022-04-27T02:16:37.688Z] > command requires scopes: ["email","openid","https://www.googleapis.com/auth/cloudplatformprojects.readonly","https://www.googleapis.com/auth/firebase","https://www.googleapis.com/auth/cloud-platform"]
[debug] [2022-04-27T02:16:37.688Z] > authorizing via signed-in user (fenix174@gmail.com)
[info] 
     ######## #### ########  ######## ########     ###     ######  ########
     ##        ##  ##     ## ##       ##     ##  ##   ##  ##       ##
     ######    ##  ########  ######   ########  #########  ######  ######
     ##        ##  ##    ##  ##       ##     ## ##     ##       ## ##
     ##       #### ##     ## ######## ########  ##     ##  ######  ########

You're about to initialize a Firebase project in this directory:

  C:\Users\Asus\Documents\GitHub\social-blogging

[debug] [2022-05-03T02:51:43.671Z] ----------------------------------------------------------------------
[debug] [2022-05-03T02:51:43.673Z] Command:       C:\Program Files\nodejs\node.exe C:\Users\Asus\Documents\GitHub\social-blogging\node_modules\firebase-tools\lib\bin\firebase.js init
[debug] [2022-05-03T02:51:43.673Z] CLI Version:   10.7.1
[debug] [2022-05-03T02:51:43.673Z] Platform:      win32
[debug] [2022-05-03T02:51:43.674Z] Node Version:  v16.13.1
[debug] [2022-05-03T02:51:43.674Z] Time:          Mon May 02 2022 22:51:43 GMT-0400 (Eastern Daylight Time)
[debug] [2022-05-03T02:51:43.674Z] ----------------------------------------------------------------------
[debug] 
[debug] [2022-05-03T02:51:43.677Z] >>> [apiv2][query] GET https://firebase-public.firebaseio.com/cli.json [none]
[debug] [2022-05-03T02:51:43.695Z] > command requires scopes: ["email","openid","https://www.googleapis.com/auth/cloudplatformprojects.readonly","https://www.googleapis.com/auth/firebase","https://www.googleapis.com/auth/cloud-platform"]
[debug] [2022-05-03T02:51:43.695Z] > authorizing via signed-in user (fenix174@gmail.com)
[info] 
     ######## #### ########  ######## ########     ###     ######  ########
     ##        ##  ##     ## ##       ##     ##  ##   ##  ##       ##
     ######    ##  ########  ######   ########  #########  ######  ######
     ##        ##  ##    ##  ##       ##     ## ##     ##       ## ##
     ##       #### ##     ## ######## ########  ##     ##  ######  ########

You're about to initialize a Firebase project in this directory:

  C:\Users\Asus\Documents\GitHub\social-blogging

[debug] [2022-05-03T02:51:43.873Z] <<< [apiv2][status] GET https://firebase-public.firebaseio.com/cli.json 200
[debug] [2022-05-03T02:51:43.873Z] <<< [apiv2][body] GET https://firebase-public.firebaseio.com/cli.json {"cloudBuildErrorAfter":1594252800000,"cloudBuildWarnAfter":1590019200000,"defaultNode10After":1594252800000,"minVersion":"3.0.5","node8DeploysDisabledAfter":1613390400000,"node8RuntimeDisabledAfter":1615809600000,"node8WarnAfter":1600128000000}
